[14-Dec-2025 16:50:01 Asia/Colombo] PHP Fatal error:  Uncaught PDOException: SQLSTATE[HY093]: Invalid parameter number in C:\xampp\htdocs\NexBus-1\models\ntc_admin\TimetableModel.php:143
Stack trace:
#0 C:\xampp\htdocs\NexBus-1\models\ntc_admin\TimetableModel.php(143): PDOStatement->execute(Array)
#1 C:\xampp\htdocs\NexBus-1\controllers\NtcAdminController.php(72): App\models\ntc_admin\TimetableModel->listTimetables(Array, 50, 0)
#2 C:\xampp\htdocs\NexBus-1\public\index.php(41): App\controllers\NtcAdminController->timetables()
#3 C:\xampp\htdocs\NexBus-1\public\index.php(166): run('NtcAdminControl...', 'timetables')
#4 {main}
  thrown in C:\xampp\htdocs\NexBus-1\models\ntc_admin\TimetableModel.php on line 143
[14-Dec-2025 16:50:32 Asia/Colombo] PHP Fatal error:  Uncaught PDOException: SQLSTATE[HY093]: Invalid parameter number in C:\xampp\htdocs\NexBus-1\models\ntc_admin\TimetableModel.php:143
Stack trace:
#0 C:\xampp\htdocs\NexBus-1\models\ntc_admin\TimetableModel.php(143): PDOStatement->execute(Array)
#1 C:\xampp\htdocs\NexBus-1\controllers\NtcAdminController.php(72): App\models\ntc_admin\TimetableModel->listTimetables(Array, 50, 0)
#2 C:\xampp\htdocs\NexBus-1\public\index.php(41): App\controllers\NtcAdminController->timetables()
#3 C:\xampp\htdocs\NexBus-1\public\index.php(166): run('NtcAdminControl...', 'timetables')
#4 {main}
  thrown in C:\xampp\htdocs\NexBus-1\models\ntc_admin\TimetableModel.php on line 143
[14-Dec-2025 16:53:47 Asia/Colombo] PHP Fatal error:  Uncaught PDOException: SQLSTATE[HY093]: Invalid parameter number in C:\xampp\htdocs\NexBus-1\models\ntc_admin\TimetableModel.php:126
Stack trace:
#0 C:\xampp\htdocs\NexBus-1\models\ntc_admin\TimetableModel.php(126): PDOStatement->execute(Array)
#1 C:\xampp\htdocs\NexBus-1\controllers\NtcAdminController.php(72): App\models\ntc_admin\TimetableModel->listTimetables(Array, 50, 0)
#2 C:\xampp\htdocs\NexBus-1\public\index.php(41): App\controllers\NtcAdminController->timetables()
#3 C:\xampp\htdocs\NexBus-1\public\index.php(166): run('NtcAdminControl...', 'timetables')
#4 {main}
  thrown in C:\xampp\htdocs\NexBus-1\models\ntc_admin\TimetableModel.php on line 126
[14-Dec-2025 16:53:57 Asia/Colombo] PHP Fatal error:  Uncaught PDOException: SQLSTATE[HY093]: Invalid parameter number in C:\xampp\htdocs\NexBus-1\models\ntc_admin\TimetableModel.php:141
Stack trace:
#0 C:\xampp\htdocs\NexBus-1\models\ntc_admin\TimetableModel.php(141): PDOStatement->execute()
#1 C:\xampp\htdocs\NexBus-1\controllers\NtcAdminController.php(72): App\models\ntc_admin\TimetableModel->listTimetables(Array, 50, 0)
#2 C:\xampp\htdocs\NexBus-1\public\index.php(41): App\controllers\NtcAdminController->timetables()
#3 C:\xampp\htdocs\NexBus-1\public\index.php(166): run('NtcAdminControl...', 'timetables')
#4 {main}
  thrown in C:\xampp\htdocs\NexBus-1\models\ntc_admin\TimetableModel.php on line 141
[14-Dec-2025 16:54:01 Asia/Colombo] PHP Fatal error:  Uncaught Error: Call to undefined method App\models\ntc_admin\TimetableModel::listTimetables() in C:\xampp\htdocs\NexBus-1\controllers\NtcAdminController.php:72
Stack trace:
#0 C:\xampp\htdocs\NexBus-1\public\index.php(41): App\controllers\NtcAdminController->timetables()
#1 C:\xampp\htdocs\NexBus-1\public\index.php(166): run('NtcAdminControl...', 'timetables')
#2 {main}
  thrown in C:\xampp\htdocs\NexBus-1\controllers\NtcAdminController.php on line 72
[14-Dec-2025 16:54:04 Asia/Colombo] PHP Parse error:  syntax error, unexpected token "<" in C:\xampp\htdocs\NexBus-1\models\ntc_admin\TimetableModel.php on line 236
[14-Dec-2025 16:54:11 Asia/Colombo] PHP Fatal error:  Uncaught Error: Call to undefined method App\models\ntc_admin\TimetableModel::listTimetables() in C:\xampp\htdocs\NexBus-1\controllers\NtcAdminController.php:72
Stack trace:
#0 C:\xampp\htdocs\NexBus-1\public\index.php(41): App\controllers\NtcAdminController->timetables()
#1 C:\xampp\htdocs\NexBus-1\public\index.php(166): run('NtcAdminControl...', 'timetables')
#2 {main}
  thrown in C:\xampp\htdocs\NexBus-1\controllers\NtcAdminController.php on line 72
[14-Dec-2025 16:54:33 Asia/Colombo] PHP Fatal error:  Uncaught PDOException: SQLSTATE[HY093]: Invalid parameter number in C:\xampp\htdocs\NexBus-1\models\ntc_admin\TimetableModel.php:143
Stack trace:
#0 C:\xampp\htdocs\NexBus-1\models\ntc_admin\TimetableModel.php(143): PDOStatement->execute(Array)
#1 C:\xampp\htdocs\NexBus-1\controllers\NtcAdminController.php(72): App\models\ntc_admin\TimetableModel->listTimetables(Array, 50, 0)
#2 C:\xampp\htdocs\NexBus-1\public\index.php(41): App\controllers\NtcAdminController->timetables()
#3 C:\xampp\htdocs\NexBus-1\public\index.php(166): run('NtcAdminControl...', 'timetables')
#4 {main}
  thrown in C:\xampp\htdocs\NexBus-1\models\ntc_admin\TimetableModel.php on line 143
[14-Dec-2025 17:01:20 Asia/Colombo] PHP Fatal error:  Uncaught PDOException: SQLSTATE[HY093]: Invalid parameter number in C:\xampp\htdocs\NexBus-1\models\ntc_admin\TimetableModel.php:143
Stack trace:
#0 C:\xampp\htdocs\NexBus-1\models\ntc_admin\TimetableModel.php(143): PDOStatement->execute(Array)
#1 C:\xampp\htdocs\NexBus-1\controllers\NtcAdminController.php(72): App\models\ntc_admin\TimetableModel->listTimetables(Array, 50, 0)
#2 C:\xampp\htdocs\NexBus-1\public\index.php(41): App\controllers\NtcAdminController->timetables()
#3 C:\xampp\htdocs\NexBus-1\public\index.php(166): run('NtcAdminControl...', 'timetables')
#4 {main}
  thrown in C:\xampp\htdocs\NexBus-1\models\ntc_admin\TimetableModel.php on line 143
[14-Dec-2025 17:01:22 Asia/Colombo] PHP Fatal error:  Uncaught PDOException: SQLSTATE[HY093]: Invalid parameter number in C:\xampp\htdocs\NexBus-1\models\ntc_admin\TimetableModel.php:143
Stack trace:
#0 C:\xampp\htdocs\NexBus-1\models\ntc_admin\TimetableModel.php(143): PDOStatement->execute(Array)
#1 C:\xampp\htdocs\NexBus-1\controllers\NtcAdminController.php(72): App\models\ntc_admin\TimetableModel->listTimetables(Array, 50, 0)
#2 C:\xampp\htdocs\NexBus-1\public\index.php(41): App\controllers\NtcAdminController->timetables()
#3 C:\xampp\htdocs\NexBus-1\public\index.php(166): run('NtcAdminControl...', 'timetables')
#4 {main}
  thrown in C:\xampp\htdocs\NexBus-1\models\ntc_admin\TimetableModel.php on line 143
[14-Dec-2025 17:01:26 Asia/Colombo] PHP Fatal error:  Uncaught PDOException: SQLSTATE[HY093]: Invalid parameter number in C:\xampp\htdocs\NexBus-1\models\ntc_admin\TimetableModel.php:143
Stack trace:
#0 C:\xampp\htdocs\NexBus-1\models\ntc_admin\TimetableModel.php(143): PDOStatement->execute(Array)
#1 C:\xampp\htdocs\NexBus-1\controllers\NtcAdminController.php(72): App\models\ntc_admin\TimetableModel->listTimetables(Array, 50, 0)
#2 C:\xampp\htdocs\NexBus-1\public\index.php(41): App\controllers\NtcAdminController->timetables()
#3 C:\xampp\htdocs\NexBus-1\public\index.php(166): run('NtcAdminControl...', 'timetables')
#4 {main}
  thrown in C:\xampp\htdocs\NexBus-1\models\ntc_admin\TimetableModel.php on line 143
[14-Dec-2025 17:01:32 Asia/Colombo] PHP Fatal error:  Uncaught PDOException: SQLSTATE[HY093]: Invalid parameter number in C:\xampp\htdocs\NexBus-1\models\ntc_admin\TimetableModel.php:143
Stack trace:
#0 C:\xampp\htdocs\NexBus-1\models\ntc_admin\TimetableModel.php(143): PDOStatement->execute(Array)
#1 C:\xampp\htdocs\NexBus-1\controllers\NtcAdminController.php(72): App\models\ntc_admin\TimetableModel->listTimetables(Array, 50, 0)
#2 C:\xampp\htdocs\NexBus-1\public\index.php(41): App\controllers\NtcAdminController->timetables()
#3 C:\xampp\htdocs\NexBus-1\public\index.php(166): run('NtcAdminControl...', 'timetables')
#4 {main}
  thrown in C:\xampp\htdocs\NexBus-1\models\ntc_admin\TimetableModel.php on line 143
[14-Dec-2025 17:01:34 Asia/Colombo] PHP Fatal error:  Uncaught PDOException: SQLSTATE[HY093]: Invalid parameter number in C:\xampp\htdocs\NexBus-1\models\ntc_admin\TimetableModel.php:143
Stack trace:
#0 C:\xampp\htdocs\NexBus-1\models\ntc_admin\TimetableModel.php(143): PDOStatement->execute(Array)
#1 C:\xampp\htdocs\NexBus-1\controllers\NtcAdminController.php(72): App\models\ntc_admin\TimetableModel->listTimetables(Array, 50, 0)
#2 C:\xampp\htdocs\NexBus-1\public\index.php(41): App\controllers\NtcAdminController->timetables()
#3 C:\xampp\htdocs\NexBus-1\public\index.php(166): run('NtcAdminControl...', 'timetables')
#4 {main}
  thrown in C:\xampp\htdocs\NexBus-1\models\ntc_admin\TimetableModel.php on line 143
[14-Dec-2025 17:01:34 Asia/Colombo] PHP Fatal error:  Uncaught PDOException: SQLSTATE[HY093]: Invalid parameter number in C:\xampp\htdocs\NexBus-1\models\ntc_admin\TimetableModel.php:143
Stack trace:
#0 C:\xampp\htdocs\NexBus-1\models\ntc_admin\TimetableModel.php(143): PDOStatement->execute(Array)
#1 C:\xampp\htdocs\NexBus-1\controllers\NtcAdminController.php(72): App\models\ntc_admin\TimetableModel->listTimetables(Array, 50, 0)
#2 C:\xampp\htdocs\NexBus-1\public\index.php(41): App\controllers\NtcAdminController->timetables()
#3 C:\xampp\htdocs\NexBus-1\public\index.php(166): run('NtcAdminControl...', 'timetables')
#4 {main}
  thrown in C:\xampp\htdocs\NexBus-1\models\ntc_admin\TimetableModel.php on line 143
[14-Dec-2025 17:01:35 Asia/Colombo] PHP Fatal error:  Uncaught PDOException: SQLSTATE[HY093]: Invalid parameter number in C:\xampp\htdocs\NexBus-1\models\ntc_admin\TimetableModel.php:143
Stack trace:
#0 C:\xampp\htdocs\NexBus-1\models\ntc_admin\TimetableModel.php(143): PDOStatement->execute(Array)
#1 C:\xampp\htdocs\NexBus-1\controllers\NtcAdminController.php(72): App\models\ntc_admin\TimetableModel->listTimetables(Array, 50, 0)
#2 C:\xampp\htdocs\NexBus-1\public\index.php(41): App\controllers\NtcAdminController->timetables()
#3 C:\xampp\htdocs\NexBus-1\public\index.php(166): run('NtcAdminControl...', 'timetables')
#4 {main}
  thrown in C:\xampp\htdocs\NexBus-1\models\ntc_admin\TimetableModel.php on line 143
[14-Dec-2025 17:01:45 Asia/Colombo] PHP Fatal error:  Uncaught PDOException: SQLSTATE[HY093]: Invalid parameter number in C:\xampp\htdocs\NexBus-1\models\ntc_admin\TimetableModel.php:143
Stack trace:
#0 C:\xampp\htdocs\NexBus-1\models\ntc_admin\TimetableModel.php(143): PDOStatement->execute(Array)
#1 C:\xampp\htdocs\NexBus-1\controllers\NtcAdminController.php(72): App\models\ntc_admin\TimetableModel->listTimetables(Array, 50, 0)
#2 C:\xampp\htdocs\NexBus-1\public\index.php(41): App\controllers\NtcAdminController->timetables()
#3 C:\xampp\htdocs\NexBus-1\public\index.php(166): run('NtcAdminControl...', 'timetables')
#4 {main}
  thrown in C:\xampp\htdocs\NexBus-1\models\ntc_admin\TimetableModel.php on line 143
[14-Dec-2025 17:09:54 Asia/Colombo] PHP Fatal error:  Uncaught Error: Call to a member function listTimetables() on array in C:\xampp\htdocs\NexBus-1\controllers\NtcAdminController.php:82
Stack trace:
#0 C:\xampp\htdocs\NexBus-1\public\index.php(41): App\controllers\NtcAdminController->timetables()
#1 C:\xampp\htdocs\NexBus-1\public\index.php(166): run('NtcAdminControl...', 'timetables')
#2 {main}
  thrown in C:\xampp\htdocs\NexBus-1\controllers\NtcAdminController.php on line 82
[14-Dec-2025 19:21:22 Asia/Colombo] PHP Warning:  Undefined array key "contact_email" in C:\xampp\htdocs\NexBus-1\views\ntc_admin\depots_owners.php on line 109
[14-Dec-2025 19:21:22 Asia/Colombo] PHP Warning:  Undefined array key "contact_email" in C:\xampp\htdocs\NexBus-1\views\ntc_admin\depots_owners.php on line 109
[14-Dec-2025 19:21:22 Asia/Colombo] PHP Warning:  Undefined array key "contact_email" in C:\xampp\htdocs\NexBus-1\views\ntc_admin\depots_owners.php on line 109
[14-Dec-2025 19:21:22 Asia/Colombo] PHP Warning:  Undefined array key "contact_email" in C:\xampp\htdocs\NexBus-1\views\ntc_admin\depots_owners.php on line 109
[14-Dec-2025 19:21:37 Asia/Colombo] PHP Warning:  Undefined array key "contact_email" in C:\xampp\htdocs\NexBus-1\views\ntc_admin\depots_owners.php on line 109
[14-Dec-2025 19:21:37 Asia/Colombo] PHP Warning:  Undefined array key "contact_email" in C:\xampp\htdocs\NexBus-1\views\ntc_admin\depots_owners.php on line 109
[14-Dec-2025 19:21:37 Asia/Colombo] PHP Warning:  Undefined array key "contact_email" in C:\xampp\htdocs\NexBus-1\views\ntc_admin\depots_owners.php on line 109
[14-Dec-2025 19:21:37 Asia/Colombo] PHP Warning:  Undefined array key "contact_email" in C:\xampp\htdocs\NexBus-1\views\ntc_admin\depots_owners.php on line 109
[14-Dec-2025 19:22:06 Asia/Colombo] PHP Warning:  Undefined array key "contact_email" in C:\xampp\htdocs\NexBus-1\views\ntc_admin\depots_owners.php on line 109
[14-Dec-2025 19:22:06 Asia/Colombo] PHP Warning:  Undefined array key "contact_email" in C:\xampp\htdocs\NexBus-1\views\ntc_admin\depots_owners.php on line 109
[14-Dec-2025 19:22:06 Asia/Colombo] PHP Warning:  Undefined array key "contact_email" in C:\xampp\htdocs\NexBus-1\views\ntc_admin\depots_owners.php on line 109
[14-Dec-2025 19:22:06 Asia/Colombo] PHP Warning:  Undefined array key "contact_email" in C:\xampp\htdocs\NexBus-1\views\ntc_admin\depots_owners.php on line 109
[14-Dec-2025 19:22:07 Asia/Colombo] PHP Warning:  Undefined array key "contact_email" in C:\xampp\htdocs\NexBus-1\views\ntc_admin\depots_owners.php on line 109
[14-Dec-2025 19:22:07 Asia/Colombo] PHP Warning:  Undefined array key "contact_email" in C:\xampp\htdocs\NexBus-1\views\ntc_admin\depots_owners.php on line 109
[14-Dec-2025 19:22:07 Asia/Colombo] PHP Warning:  Undefined array key "contact_email" in C:\xampp\htdocs\NexBus-1\views\ntc_admin\depots_owners.php on line 109
[14-Dec-2025 19:22:07 Asia/Colombo] PHP Warning:  Undefined array key "contact_email" in C:\xampp\htdocs\NexBus-1\views\ntc_admin\depots_owners.php on line 109
[14-Dec-2025 19:22:08 Asia/Colombo] PHP Warning:  Undefined array key "contact_email" in C:\xampp\htdocs\NexBus-1\views\ntc_admin\depots_owners.php on line 109
[14-Dec-2025 19:22:08 Asia/Colombo] PHP Warning:  Undefined array key "contact_email" in C:\xampp\htdocs\NexBus-1\views\ntc_admin\depots_owners.php on line 109
[14-Dec-2025 19:22:08 Asia/Colombo] PHP Warning:  Undefined array key "contact_email" in C:\xampp\htdocs\NexBus-1\views\ntc_admin\depots_owners.php on line 109
[14-Dec-2025 19:22:08 Asia/Colombo] PHP Warning:  Undefined array key "contact_email" in C:\xampp\htdocs\NexBus-1\views\ntc_admin\depots_owners.php on line 109
[14-Dec-2025 19:32:18 Asia/Colombo] PHP Warning:  Undefined array key "address" in C:\xampp\htdocs\NexBus-1\views\ntc_admin\depots_owners.php on line 69
[14-Dec-2025 19:32:18 Asia/Colombo] PHP Warning:  Undefined array key "address" in C:\xampp\htdocs\NexBus-1\views\ntc_admin\depots_owners.php on line 69
[14-Dec-2025 19:32:18 Asia/Colombo] PHP Warning:  Undefined array key "address" in C:\xampp\htdocs\NexBus-1\views\ntc_admin\depots_owners.php on line 69
[14-Dec-2025 19:32:18 Asia/Colombo] PHP Warning:  Undefined array key "address" in C:\xampp\htdocs\NexBus-1\views\ntc_admin\depots_owners.php on line 69
[14-Dec-2025 19:32:18 Asia/Colombo] PHP Warning:  Undefined array key "address" in C:\xampp\htdocs\NexBus-1\views\ntc_admin\depots_owners.php on line 69
[14-Dec-2025 19:32:18 Asia/Colombo] PHP Warning:  Undefined array key "address" in C:\xampp\htdocs\NexBus-1\views\ntc_admin\depots_owners.php on line 69
[14-Dec-2025 19:39:55 Asia/Colombo] PHP Fatal error:  Uncaught PDOException: SQLSTATE[42S22]: Column not found: 1054 Unknown column 'd.address' in 'field list' in C:\xampp\htdocs\NexBus-1\models\ntc_admin\OrgModel.php:56
Stack trace:
#0 C:\xampp\htdocs\NexBus-1\models\ntc_admin\OrgModel.php(56): PDO->query('\n            SE...')
#1 C:\xampp\htdocs\NexBus-1\controllers\NtcAdminController.php(151): App\models\ntc_admin\OrgModel->depots()
#2 C:\xampp\htdocs\NexBus-1\public\index.php(41): App\controllers\NtcAdminController->depots_owners()
#3 C:\xampp\htdocs\NexBus-1\public\index.php(166): run('NtcAdminControl...', 'depots_owners')
#4 {main}
  thrown in C:\xampp\htdocs\NexBus-1\models\ntc_admin\OrgModel.php on line 56
[14-Dec-2025 19:52:57 Asia/Colombo] PHP Fatal error:  Uncaught PDOException: SQLSTATE[42S22]: Column not found: 1054 Unknown column 'employee_id' in 'field list' in C:\xampp\htdocs\NexBus-1\models\ntc_admin\UserModel.php:69
Stack trace:
#0 C:\xampp\htdocs\NexBus-1\models\ntc_admin\UserModel.php(69): PDO->prepare('SELECT user_id,...')
#1 C:\xampp\htdocs\NexBus-1\controllers\NtcAdminController.php(143): App\models\ntc_admin\UserModel->list(Array)
#2 C:\xampp\htdocs\NexBus-1\public\index.php(41): App\controllers\NtcAdminController->users()
#3 C:\xampp\htdocs\NexBus-1\public\index.php(166): run('NtcAdminControl...', 'users')
#4 {main}
  thrown in C:\xampp\htdocs\NexBus-1\models\ntc_admin\UserModel.php on line 69
[14-Dec-2025 19:53:05 Asia/Colombo] PHP Fatal error:  Uncaught PDOException: SQLSTATE[42S22]: Column not found: 1054 Unknown column 'employee_id' in 'field list' in C:\xampp\htdocs\NexBus-1\models\ntc_admin\UserModel.php:69
Stack trace:
#0 C:\xampp\htdocs\NexBus-1\models\ntc_admin\UserModel.php(69): PDO->prepare('SELECT user_id,...')
#1 C:\xampp\htdocs\NexBus-1\controllers\NtcAdminController.php(143): App\models\ntc_admin\UserModel->list(Array)
#2 C:\xampp\htdocs\NexBus-1\public\index.php(41): App\controllers\NtcAdminController->users()
#3 C:\xampp\htdocs\NexBus-1\public\index.php(166): run('NtcAdminControl...', 'users')
#4 {main}
  thrown in C:\xampp\htdocs\NexBus-1\models\ntc_admin\UserModel.php on line 69
[14-Dec-2025 19:53:05 Asia/Colombo] PHP Fatal error:  Uncaught PDOException: SQLSTATE[42S22]: Column not found: 1054 Unknown column 'employee_id' in 'field list' in C:\xampp\htdocs\NexBus-1\models\ntc_admin\UserModel.php:69
Stack trace:
#0 C:\xampp\htdocs\NexBus-1\models\ntc_admin\UserModel.php(69): PDO->prepare('SELECT user_id,...')
#1 C:\xampp\htdocs\NexBus-1\controllers\NtcAdminController.php(143): App\models\ntc_admin\UserModel->list(Array)
#2 C:\xampp\htdocs\NexBus-1\public\index.php(41): App\controllers\NtcAdminController->users()
#3 C:\xampp\htdocs\NexBus-1\public\index.php(166): run('NtcAdminControl...', 'users')
#4 {main}
  thrown in C:\xampp\htdocs\NexBus-1\models\ntc_admin\UserModel.php on line 69
[14-Dec-2025 19:53:06 Asia/Colombo] PHP Fatal error:  Uncaught PDOException: SQLSTATE[42S22]: Column not found: 1054 Unknown column 'employee_id' in 'field list' in C:\xampp\htdocs\NexBus-1\models\ntc_admin\UserModel.php:69
Stack trace:
#0 C:\xampp\htdocs\NexBus-1\models\ntc_admin\UserModel.php(69): PDO->prepare('SELECT user_id,...')
#1 C:\xampp\htdocs\NexBus-1\controllers\NtcAdminController.php(143): App\models\ntc_admin\UserModel->list(Array)
#2 C:\xampp\htdocs\NexBus-1\public\index.php(41): App\controllers\NtcAdminController->users()
#3 C:\xampp\htdocs\NexBus-1\public\index.php(166): run('NtcAdminControl...', 'users')
#4 {main}
  thrown in C:\xampp\htdocs\NexBus-1\models\ntc_admin\UserModel.php on line 69
[14-Dec-2025 19:56:00 Asia/Colombo] PHP Parse error:  syntax error, unexpected identifier "PrivateBusOwner", expecting "]" in C:\xampp\htdocs\NexBus-1\views\ntc_admin\users.php on line 38
[14-Dec-2025 19:58:53 Asia/Colombo] PHP Fatal error:  Uncaught PDOException: SQLSTATE[42S22]: Column not found: 1054 Unknown column 'full_name' in 'order clause' in C:\xampp\htdocs\NexBus-1\models\ntc_admin\UserModel.php:69
Stack trace:
#0 C:\xampp\htdocs\NexBus-1\models\ntc_admin\UserModel.php(69): PDO->prepare('SELECT user_id,...')
#1 C:\xampp\htdocs\NexBus-1\controllers\NtcAdminController.php(143): App\models\ntc_admin\UserModel->list(Array)
#2 C:\xampp\htdocs\NexBus-1\public\index.php(41): App\controllers\NtcAdminController->users()
#3 C:\xampp\htdocs\NexBus-1\public\index.php(166): run('NtcAdminControl...', 'users')
#4 {main}
  thrown in C:\xampp\htdocs\NexBus-1\models\ntc_admin\UserModel.php on line 69
[14-Dec-2025 19:58:56 Asia/Colombo] PHP Fatal error:  Uncaught PDOException: SQLSTATE[42S22]: Column not found: 1054 Unknown column 'full_name' in 'order clause' in C:\xampp\htdocs\NexBus-1\models\ntc_admin\UserModel.php:69
Stack trace:
#0 C:\xampp\htdocs\NexBus-1\models\ntc_admin\UserModel.php(69): PDO->prepare('SELECT user_id,...')
#1 C:\xampp\htdocs\NexBus-1\controllers\NtcAdminController.php(143): App\models\ntc_admin\UserModel->list(Array)
#2 C:\xampp\htdocs\NexBus-1\public\index.php(41): App\controllers\NtcAdminController->users()
#3 C:\xampp\htdocs\NexBus-1\public\index.php(166): run('NtcAdminControl...', 'users')
#4 {main}
  thrown in C:\xampp\htdocs\NexBus-1\models\ntc_admin\UserModel.php on line 69
[14-Dec-2025 19:58:57 Asia/Colombo] PHP Fatal error:  Uncaught PDOException: SQLSTATE[42S22]: Column not found: 1054 Unknown column 'full_name' in 'order clause' in C:\xampp\htdocs\NexBus-1\models\ntc_admin\UserModel.php:69
Stack trace:
#0 C:\xampp\htdocs\NexBus-1\models\ntc_admin\UserModel.php(69): PDO->prepare('SELECT user_id,...')
#1 C:\xampp\htdocs\NexBus-1\controllers\NtcAdminController.php(143): App\models\ntc_admin\UserModel->list(Array)
#2 C:\xampp\htdocs\NexBus-1\public\index.php(41): App\controllers\NtcAdminController->users()
#3 C:\xampp\htdocs\NexBus-1\public\index.php(166): run('NtcAdminControl...', 'users')
#4 {main}
  thrown in C:\xampp\htdocs\NexBus-1\models\ntc_admin\UserModel.php on line 69
[14-Dec-2025 19:59:51 Asia/Colombo] PHP Parse error:  syntax error, unexpected identifier "PrivateBusOwner", expecting "]" in C:\xampp\htdocs\NexBus-1\views\ntc_admin\users.php on line 38
[14-Dec-2025 20:20:42 Asia/Colombo] PHP Fatal error:  Uncaught PDOException: SQLSTATE[42S22]: Column not found: 1054 Unknown column 'u.full_name' in 'field list' in C:\xampp\htdocs\NexBus-1\models\ntc_admin\OrgModel.php:56
Stack trace:
#0 C:\xampp\htdocs\NexBus-1\models\ntc_admin\OrgModel.php(56): PDO->query('\n            SE...')
#1 C:\xampp\htdocs\NexBus-1\controllers\NtcAdminController.php(151): App\models\ntc_admin\OrgModel->depots()
#2 C:\xampp\htdocs\NexBus-1\public\index.php(41): App\controllers\NtcAdminController->depots_owners()
#3 C:\xampp\htdocs\NexBus-1\public\index.php(166): run('NtcAdminControl...', 'depots_owners')
#4 {main}
  thrown in C:\xampp\htdocs\NexBus-1\models\ntc_admin\OrgModel.php on line 56
[14-Dec-2025 20:21:30 Asia/Colombo] PHP Fatal error:  Uncaught PDOException: SQLSTATE[42S22]: Column not found: 1054 Unknown column 'u.full_name' in 'group statement' in C:\xampp\htdocs\NexBus-1\models\ntc_admin\OrgModel.php:56
Stack trace:
#0 C:\xampp\htdocs\NexBus-1\models\ntc_admin\OrgModel.php(56): PDO->query('\n            SE...')
#1 C:\xampp\htdocs\NexBus-1\controllers\NtcAdminController.php(151): App\models\ntc_admin\OrgModel->depots()
#2 C:\xampp\htdocs\NexBus-1\public\index.php(41): App\controllers\NtcAdminController->depots_owners()
#3 C:\xampp\htdocs\NexBus-1\public\index.php(166): run('NtcAdminControl...', 'depots_owners')
#4 {main}
  thrown in C:\xampp\htdocs\NexBus-1\models\ntc_admin\OrgModel.php on line 56
