[25-Feb-2026 00:17:17 Asia/Colombo] PHP Fatal error:  Uncaught PDOException: SQLSTATE[23000]: Integrity constraint violation: 1062 Duplicate entry 'WAC 2585' for key 'PRIMARY' in C:\xampp\htdocs\NexBus-1\models\bus_owner\BusModel.php:75
Stack trace:
#0 C:\xampp\htdocs\NexBus-1\models\bus_owner\BusModel.php(75): PDOStatement->execute(Array)
#1 C:\xampp\htdocs\NexBus-1\controllers\BusOwnerController.php(50): App\models\bus_owner\BusModel->create(Array)
#2 C:\xampp\htdocs\NexBus-1\public\index.php(41): App\controllers\BusOwnerController->fleet()
#3 C:\xampp\htdocs\NexBus-1\public\index.php(169): run('BusOwnerControl...', 'fleet')
#4 {main}
  thrown in C:\xampp\htdocs\NexBus-1\models\bus_owner\BusModel.php on line 75
[25-Feb-2026 00:20:36 Asia/Colombo] PHP Fatal error:  Uncaught PDOException: SQLSTATE[23000]: Integrity constraint violation: 1062 Duplicate entry 'WAC 2585' for key 'PRIMARY' in C:\xampp\htdocs\NexBus-1\models\bus_owner\BusModel.php:75
Stack trace:
#0 C:\xampp\htdocs\NexBus-1\models\bus_owner\BusModel.php(75): PDOStatement->execute(Array)
#1 C:\xampp\htdocs\NexBus-1\controllers\BusOwnerController.php(50): App\models\bus_owner\BusModel->create(Array)
#2 C:\xampp\htdocs\NexBus-1\public\index.php(41): App\controllers\BusOwnerController->fleet()
#3 C:\xampp\htdocs\NexBus-1\public\index.php(169): run('BusOwnerControl...', 'fleet')
#4 {main}
  thrown in C:\xampp\htdocs\NexBus-1\models\bus_owner\BusModel.php on line 75
[25-Feb-2026 00:20:39 Asia/Colombo] PHP Fatal error:  Uncaught PDOException: SQLSTATE[23000]: Integrity constraint violation: 1062 Duplicate entry 'WAC 2585' for key 'PRIMARY' in C:\xampp\htdocs\NexBus-1\models\bus_owner\BusModel.php:75
Stack trace:
#0 C:\xampp\htdocs\NexBus-1\models\bus_owner\BusModel.php(75): PDOStatement->execute(Array)
#1 C:\xampp\htdocs\NexBus-1\controllers\BusOwnerController.php(50): App\models\bus_owner\BusModel->create(Array)
#2 C:\xampp\htdocs\NexBus-1\public\index.php(41): App\controllers\BusOwnerController->fleet()
#3 C:\xampp\htdocs\NexBus-1\public\index.php(169): run('BusOwnerControl...', 'fleet')
#4 {main}
  thrown in C:\xampp\htdocs\NexBus-1\models\bus_owner\BusModel.php on line 75
[25-Feb-2026 01:20:44 Asia/Colombo] [fleetAssign] POST received: reg_no=WAC 25858894, driver_id=3, conductor_id=1
[25-Feb-2026 01:20:44 Asia/Colombo] [fleetAssign] assign result: success for reg_no=WAC 25858894
[25-Feb-2026 01:20:48 Asia/Colombo] [fleetAssign] POST received: reg_no=WAC 2585889, driver_id=3, conductor_id=
[25-Feb-2026 01:20:48 Asia/Colombo] [fleetAssign] assign result: success for reg_no=WAC 2585889
[25-Feb-2026 01:20:52 Asia/Colombo] [fleetAssign] POST received: reg_no=WAC 2585, driver_id=, conductor_id=1
[25-Feb-2026 01:20:52 Asia/Colombo] [fleetAssign] assign result: success for reg_no=WAC 2585
